<?xml version="1.0" encoding="UTF-8"?>
<testsuite xmlns:xsi="http://www.w3.org/2001/XMLSchema-instance" xsi:noNamespaceSchemaLocation="https://maven.apache.org/surefire/maven-surefire-plugin/xsd/surefire-test-report.xsd" name="webrtc.chatservice.repository.channel.ChannelRepositoryImplTest" time="0.308" tests="12" errors="0" skipped="0" failures="0">
  <properties>
    <property name="java.specification.version" value="17"/>
    <property name="sun.jnu.encoding" value="UTF-8"/>
    <property name="java.class.path" value="/Users/jo/Desktop/webRTC/chat-service/target/test-classes:/Users/jo/Desktop/webRTC/chat-service/target/classes:/Users/jo/.m2/repository/org/springframework/boot/spring-boot-starter-web/2.6.4/spring-boot-starter-web-2.6.4.jar:/Users/jo/.m2/repository/org/springframework/boot/spring-boot-starter/2.6.4/spring-boot-starter-2.6.4.jar:/Users/jo/.m2/repository/org/springframework/boot/spring-boot/2.6.4/spring-boot-2.6.4.jar:/Users/jo/.m2/repository/org/springframework/boot/spring-boot-autoconfigure/2.6.4/spring-boot-autoconfigure-2.6.4.jar:/Users/jo/.m2/repository/org/springframework/boot/spring-boot-starter-logging/2.6.4/spring-boot-starter-logging-2.6.4.jar:/Users/jo/.m2/repository/ch/qos/logback/logback-classic/1.2.10/logback-classic-1.2.10.jar:/Users/jo/.m2/repository/ch/qos/logback/logback-core/1.2.10/logback-core-1.2.10.jar:/Users/jo/.m2/repository/org/apache/logging/log4j/log4j-to-slf4j/2.17.1/log4j-to-slf4j-2.17.1.jar:/Users/jo/.m2/repository/org/apache/logging/log4j/log4j-api/2.17.1/log4j-api-2.17.1.jar:/Users/jo/.m2/repository/org/slf4j/jul-to-slf4j/1.7.36/jul-to-slf4j-1.7.36.jar:/Users/jo/.m2/repository/jakarta/annotation/jakarta.annotation-api/1.3.5/jakarta.annotation-api-1.3.5.jar:/Users/jo/.m2/repository/org/yaml/snakeyaml/1.29/snakeyaml-1.29.jar:/Users/jo/.m2/repository/org/springframework/boot/spring-boot-starter-json/2.6.4/spring-boot-starter-json-2.6.4.jar:/Users/jo/.m2/repository/com/fasterxml/jackson/datatype/jackson-datatype-jdk8/2.13.1/jackson-datatype-jdk8-2.13.1.jar:/Users/jo/.m2/repository/com/fasterxml/jackson/datatype/jackson-datatype-jsr310/2.13.1/jackson-datatype-jsr310-2.13.1.jar:/Users/jo/.m2/repository/com/fasterxml/jackson/module/jackson-module-parameter-names/2.13.1/jackson-module-parameter-names-2.13.1.jar:/Users/jo/.m2/repository/org/springframework/boot/spring-boot-starter-tomcat/2.6.4/spring-boot-starter-tomcat-2.6.4.jar:/Users/jo/.m2/repository/org/apache/tomcat/embed/tomcat-embed-core/9.0.58/tomcat-embed-core-9.0.58.jar:/Users/jo/.m2/repository/org/apache/tomcat/embed/tomcat-embed-el/9.0.58/tomcat-embed-el-9.0.58.jar:/Users/jo/.m2/repository/org/apache/tomcat/embed/tomcat-embed-websocket/9.0.58/tomcat-embed-websocket-9.0.58.jar:/Users/jo/.m2/repository/org/springframework/spring-web/5.3.16/spring-web-5.3.16.jar:/Users/jo/.m2/repository/org/springframework/spring-beans/5.3.16/spring-beans-5.3.16.jar:/Users/jo/.m2/repository/org/springframework/spring-webmvc/5.3.16/spring-webmvc-5.3.16.jar:/Users/jo/.m2/repository/org/springframework/spring-context/5.3.16/spring-context-5.3.16.jar:/Users/jo/.m2/repository/org/springframework/spring-expression/5.3.16/spring-expression-5.3.16.jar:/Users/jo/.m2/repository/junit/junit/4.13.2/junit-4.13.2.jar:/Users/jo/.m2/repository/org/hamcrest/hamcrest-core/2.2/hamcrest-core-2.2.jar:/Users/jo/.m2/repository/com/googlecode/json-simple/json-simple/1.1.1/json-simple-1.1.1.jar:/Users/jo/.m2/repository/io/openvidu/openvidu-java-client/2.21.1/openvidu-java-client-2.21.1.jar:/Users/jo/.m2/repository/org/apache/httpcomponents/httpclient/4.5.13/httpclient-4.5.13.jar:/Users/jo/.m2/repository/org/apache/httpcomponents/httpcore/4.4.15/httpcore-4.4.15.jar:/Users/jo/.m2/repository/commons-codec/commons-codec/1.15/commons-codec-1.15.jar:/Users/jo/.m2/repository/com/google/code/gson/gson/2.8.9/gson-2.8.9.jar:/Users/jo/.m2/repository/org/slf4j/slf4j-api/1.7.36/slf4j-api-1.7.36.jar:/Users/jo/.m2/repository/commons-validator/commons-validator/1.7/commons-validator-1.7.jar:/Users/jo/.m2/repository/commons-beanutils/commons-beanutils/1.9.4/commons-beanutils-1.9.4.jar:/Users/jo/.m2/repository/commons-digester/commons-digester/2.1/commons-digester-2.1.jar:/Users/jo/.m2/repository/commons-logging/commons-logging/1.2/commons-logging-1.2.jar:/Users/jo/.m2/repository/commons-collections/commons-collections/3.2.2/commons-collections-3.2.2.jar:/Users/jo/.m2/repository/org/projectlombok/lombok/1.18.22/lombok-1.18.22.jar:/Users/jo/.m2/repository/org/springframework/boot/spring-boot-starter-test/2.6.4/spring-boot-starter-test-2.6.4.jar:/Users/jo/.m2/repository/org/springframework/boot/spring-boot-test/2.6.4/spring-boot-test-2.6.4.jar:/Users/jo/.m2/repository/org/springframework/boot/spring-boot-test-autoconfigure/2.6.4/spring-boot-test-autoconfigure-2.6.4.jar:/Users/jo/.m2/repository/com/jayway/jsonpath/json-path/2.6.0/json-path-2.6.0.jar:/Users/jo/.m2/repository/net/minidev/json-smart/2.4.8/json-smart-2.4.8.jar:/Users/jo/.m2/repository/net/minidev/accessors-smart/2.4.8/accessors-smart-2.4.8.jar:/Users/jo/.m2/repository/org/ow2/asm/asm/9.1/asm-9.1.jar:/Users/jo/.m2/repository/jakarta/xml/bind/jakarta.xml.bind-api/2.3.3/jakarta.xml.bind-api-2.3.3.jar:/Users/jo/.m2/repository/jakarta/activation/jakarta.activation-api/1.2.2/jakarta.activation-api-1.2.2.jar:/Users/jo/.m2/repository/org/assertj/assertj-core/3.21.0/assertj-core-3.21.0.jar:/Users/jo/.m2/repository/org/hamcrest/hamcrest/2.2/hamcrest-2.2.jar:/Users/jo/.m2/repository/org/junit/jupiter/junit-jupiter/5.8.2/junit-jupiter-5.8.2.jar:/Users/jo/.m2/repository/org/junit/jupiter/junit-jupiter-api/5.8.2/junit-jupiter-api-5.8.2.jar:/Users/jo/.m2/repository/org/opentest4j/opentest4j/1.2.0/opentest4j-1.2.0.jar:/Users/jo/.m2/repository/org/junit/platform/junit-platform-commons/1.8.2/junit-platform-commons-1.8.2.jar:/Users/jo/.m2/repository/org/apiguardian/apiguardian-api/1.1.2/apiguardian-api-1.1.2.jar:/Users/jo/.m2/repository/org/junit/jupiter/junit-jupiter-params/5.8.2/junit-jupiter-params-5.8.2.jar:/Users/jo/.m2/repository/org/junit/jupiter/junit-jupiter-engine/5.8.2/junit-jupiter-engine-5.8.2.jar:/Users/jo/.m2/repository/org/junit/platform/junit-platform-engine/1.8.2/junit-platform-engine-1.8.2.jar:/Users/jo/.m2/repository/org/mockito/mockito-core/4.0.0/mockito-core-4.0.0.jar:/Users/jo/.m2/repository/net/bytebuddy/byte-buddy/1.11.22/byte-buddy-1.11.22.jar:/Users/jo/.m2/repository/net/bytebuddy/byte-buddy-agent/1.11.22/byte-buddy-agent-1.11.22.jar:/Users/jo/.m2/repository/org/objenesis/objenesis/3.2/objenesis-3.2.jar:/Users/jo/.m2/repository/org/mockito/mockito-junit-jupiter/4.0.0/mockito-junit-jupiter-4.0.0.jar:/Users/jo/.m2/repository/org/skyscreamer/jsonassert/1.5.0/jsonassert-1.5.0.jar:/Users/jo/.m2/repository/com/vaadin/external/google/android-json/0.0.20131108.vaadin1/android-json-0.0.20131108.vaadin1.jar:/Users/jo/.m2/repository/org/springframework/spring-core/5.3.16/spring-core-5.3.16.jar:/Users/jo/.m2/repository/org/springframework/spring-jcl/5.3.16/spring-jcl-5.3.16.jar:/Users/jo/.m2/repository/org/springframework/spring-test/5.3.16/spring-test-5.3.16.jar:/Users/jo/.m2/repository/org/xmlunit/xmlunit-core/2.8.4/xmlunit-core-2.8.4.jar:/Users/jo/.m2/repository/org/springframework/boot/spring-boot-starter-websocket/2.6.4/spring-boot-starter-websocket-2.6.4.jar:/Users/jo/.m2/repository/org/springframework/spring-messaging/5.3.16/spring-messaging-5.3.16.jar:/Users/jo/.m2/repository/org/springframework/spring-websocket/5.3.16/spring-websocket-5.3.16.jar:/Users/jo/.m2/repository/org/springframework/boot/spring-boot-starter-data-jpa/2.6.4/spring-boot-starter-data-jpa-2.6.4.jar:/Users/jo/.m2/repository/org/springframework/boot/spring-boot-starter-aop/2.6.4/spring-boot-starter-aop-2.6.4.jar:/Users/jo/.m2/repository/org/aspectj/aspectjweaver/1.9.7/aspectjweaver-1.9.7.jar:/Users/jo/.m2/repository/org/springframework/boot/spring-boot-starter-jdbc/2.6.4/spring-boot-starter-jdbc-2.6.4.jar:/Users/jo/.m2/repository/com/zaxxer/HikariCP/4.0.3/HikariCP-4.0.3.jar:/Users/jo/.m2/repository/org/springframework/spring-jdbc/5.3.16/spring-jdbc-5.3.16.jar:/Users/jo/.m2/repository/jakarta/transaction/jakarta.transaction-api/1.3.3/jakarta.transaction-api-1.3.3.jar:/Users/jo/.m2/repository/jakarta/persistence/jakarta.persistence-api/2.2.3/jakarta.persistence-api-2.2.3.jar:/Users/jo/.m2/repository/org/hibernate/hibernate-core/5.6.5.Final/hibernate-core-5.6.5.Final.jar:/Users/jo/.m2/repository/org/jboss/logging/jboss-logging/3.4.3.Final/jboss-logging-3.4.3.Final.jar:/Users/jo/.m2/repository/antlr/antlr/2.7.7/antlr-2.7.7.jar:/Users/jo/.m2/repository/org/jboss/jandex/2.4.2.Final/jandex-2.4.2.Final.jar:/Users/jo/.m2/repository/org/hibernate/common/hibernate-commons-annotations/5.1.2.Final/hibernate-commons-annotations-5.1.2.Final.jar:/Users/jo/.m2/repository/org/glassfish/jaxb/jaxb-runtime/2.3.6/jaxb-runtime-2.3.6.jar:/Users/jo/.m2/repository/org/glassfish/jaxb/txw2/2.3.6/txw2-2.3.6.jar:/Users/jo/.m2/repository/com/sun/istack/istack-commons-runtime/3.0.12/istack-commons-runtime-3.0.12.jar:/Users/jo/.m2/repository/com/sun/activation/jakarta.activation/1.2.2/jakarta.activation-1.2.2.jar:/Users/jo/.m2/repository/org/springframework/data/spring-data-jpa/2.6.2/spring-data-jpa-2.6.2.jar:/Users/jo/.m2/repository/org/springframework/data/spring-data-commons/2.6.2/spring-data-commons-2.6.2.jar:/Users/jo/.m2/repository/org/springframework/spring-orm/5.3.16/spring-orm-5.3.16.jar:/Users/jo/.m2/repository/org/springframework/spring-tx/5.3.16/spring-tx-5.3.16.jar:/Users/jo/.m2/repository/org/springframework/spring-aspects/5.3.16/spring-aspects-5.3.16.jar:/Users/jo/.m2/repository/mysql/mysql-connector-java/8.0.28/mysql-connector-java-8.0.28.jar:/Users/jo/.m2/repository/org/webjars/sockjs-client/1.1.2/sockjs-client-1.1.2.jar:/Users/jo/.m2/repository/org/webjars/stomp-websocket/2.3.3-1/stomp-websocket-2.3.3-1.jar:/Users/jo/.m2/repository/org/springframework/boot/spring-boot-starter-data-redis/2.6.4/spring-boot-starter-data-redis-2.6.4.jar:/Users/jo/.m2/repository/org/springframework/data/spring-data-redis/2.6.2/spring-data-redis-2.6.2.jar:/Users/jo/.m2/repository/org/springframework/data/spring-data-keyvalue/2.6.2/spring-data-keyvalue-2.6.2.jar:/Users/jo/.m2/repository/org/springframework/spring-oxm/5.3.16/spring-oxm-5.3.16.jar:/Users/jo/.m2/repository/org/springframework/spring-context-support/5.3.16/spring-context-support-5.3.16.jar:/Users/jo/.m2/repository/io/lettuce/lettuce-core/6.1.6.RELEASE/lettuce-core-6.1.6.RELEASE.jar:/Users/jo/.m2/repository/io/netty/netty-common/4.1.74.Final/netty-common-4.1.74.Final.jar:/Users/jo/.m2/repository/io/netty/netty-handler/4.1.74.Final/netty-handler-4.1.74.Final.jar:/Users/jo/.m2/repository/io/netty/netty-resolver/4.1.74.Final/netty-resolver-4.1.74.Final.jar:/Users/jo/.m2/repository/io/netty/netty-buffer/4.1.74.Final/netty-buffer-4.1.74.Final.jar:/Users/jo/.m2/repository/io/netty/netty-codec/4.1.74.Final/netty-codec-4.1.74.Final.jar:/Users/jo/.m2/repository/io/netty/netty-tcnative-classes/2.0.48.Final/netty-tcnative-classes-2.0.48.Final.jar:/Users/jo/.m2/repository/io/netty/netty-transport/4.1.74.Final/netty-transport-4.1.74.Final.jar:/Users/jo/.m2/repository/io/projectreactor/reactor-core/3.4.15/reactor-core-3.4.15.jar:/Users/jo/.m2/repository/org/reactivestreams/reactive-streams/1.0.3/reactive-streams-1.0.3.jar:/Users/jo/.m2/repository/it/ozimov/embedded-redis/0.7.2/embedded-redis-0.7.2.jar:/Users/jo/.m2/repository/com/google/guava/guava/21.0/guava-21.0.jar:/Users/jo/.m2/repository/commons-io/commons-io/2.5/commons-io-2.5.jar:/Users/jo/.m2/repository/org/springframework/boot/spring-boot-starter-data-redis-reactive/2.6.4/spring-boot-starter-data-redis-reactive-2.6.4.jar:/Users/jo/.m2/repository/org/springframework/session/spring-session-data-redis/2.6.2/spring-session-data-redis-2.6.2.jar:/Users/jo/.m2/repository/org/springframework/session/spring-session-core/2.6.2/spring-session-core-2.6.2.jar:/Users/jo/.m2/repository/io/springfox/springfox-swagger2/3.0.0/springfox-swagger2-3.0.0.jar:/Users/jo/.m2/repository/io/springfox/springfox-spi/3.0.0/springfox-spi-3.0.0.jar:/Users/jo/.m2/repository/io/springfox/springfox-core/3.0.0/springfox-core-3.0.0.jar:/Users/jo/.m2/repository/io/springfox/springfox-schema/3.0.0/springfox-schema-3.0.0.jar:/Users/jo/.m2/repository/io/springfox/springfox-swagger-common/3.0.0/springfox-swagger-common-3.0.0.jar:/Users/jo/.m2/repository/io/swagger/core/v3/swagger-annotations/2.1.2/swagger-annotations-2.1.2.jar:/Users/jo/.m2/repository/io/springfox/springfox-spring-web/3.0.0/springfox-spring-web-3.0.0.jar:/Users/jo/.m2/repository/io/github/classgraph/classgraph/4.8.83/classgraph-4.8.83.jar:/Users/jo/.m2/repository/io/springfox/springfox-spring-webmvc/3.0.0/springfox-spring-webmvc-3.0.0.jar:/Users/jo/.m2/repository/io/springfox/springfox-spring-webflux/3.0.0/springfox-spring-webflux-3.0.0.jar:/Users/jo/.m2/repository/com/fasterxml/classmate/1.5.1/classmate-1.5.1.jar:/Users/jo/.m2/repository/org/springframework/plugin/spring-plugin-core/2.0.0.RELEASE/spring-plugin-core-2.0.0.RELEASE.jar:/Users/jo/.m2/repository/org/springframework/plugin/spring-plugin-metadata/2.0.0.RELEASE/spring-plugin-metadata-2.0.0.RELEASE.jar:/Users/jo/.m2/repository/io/swagger/swagger-annotations/1.5.20/swagger-annotations-1.5.20.jar:/Users/jo/.m2/repository/io/swagger/swagger-models/1.5.20/swagger-models-1.5.20.jar:/Users/jo/.m2/repository/com/fasterxml/jackson/core/jackson-annotations/2.13.1/jackson-annotations-2.13.1.jar:/Users/jo/.m2/repository/org/mapstruct/mapstruct/1.3.1.Final/mapstruct-1.3.1.Final.jar:/Users/jo/.m2/repository/io/springfox/springfox-swagger-ui/3.0.0/springfox-swagger-ui-3.0.0.jar:/Users/jo/.m2/repository/io/springfox/springfox-boot-starter/3.0.0/springfox-boot-starter-3.0.0.jar:/Users/jo/.m2/repository/io/springfox/springfox-oas/3.0.0/springfox-oas-3.0.0.jar:/Users/jo/.m2/repository/io/swagger/core/v3/swagger-models/2.1.2/swagger-models-2.1.2.jar:/Users/jo/.m2/repository/io/springfox/springfox-data-rest/3.0.0/springfox-data-rest-3.0.0.jar:/Users/jo/.m2/repository/io/springfox/springfox-bean-validators/3.0.0/springfox-bean-validators-3.0.0.jar:/Users/jo/.m2/repository/org/springframework/boot/spring-boot-starter-security/2.6.3/spring-boot-starter-security-2.6.3.jar:/Users/jo/.m2/repository/org/springframework/spring-aop/5.3.16/spring-aop-5.3.16.jar:/Users/jo/.m2/repository/org/springframework/security/spring-security-config/5.6.2/spring-security-config-5.6.2.jar:/Users/jo/.m2/repository/org/springframework/security/spring-security-web/5.6.2/spring-security-web-5.6.2.jar:/Users/jo/.m2/repository/io/jsonwebtoken/jjwt/0.9.1/jjwt-0.9.1.jar:/Users/jo/.m2/repository/com/fasterxml/jackson/core/jackson-databind/2.13.1/jackson-databind-2.13.1.jar:/Users/jo/.m2/repository/com/fasterxml/jackson/core/jackson-core/2.13.1/jackson-core-2.13.1.jar:/Users/jo/.m2/repository/org/springframework/security/spring-security-test/5.6.2/spring-security-test-5.6.2.jar:/Users/jo/.m2/repository/org/springframework/security/spring-security-core/5.6.2/spring-security-core-5.6.2.jar:/Users/jo/.m2/repository/org/springframework/security/spring-security-crypto/5.6.2/spring-security-crypto-5.6.2.jar:"/>
    <property name="java.vm.vendor" value="Homebrew"/>
    <property name="sun.arch.data.model" value="64"/>
    <property name="java.vendor.url" value="https://github.com/Homebrew/homebrew-core/issues"/>
    <property name="os.name" value="Mac OS X"/>
    <property name="java.vm.specification.version" value="17"/>
    <property name="sun.java.launcher" value="SUN_STANDARD"/>
    <property name="user.country" value="KR"/>
    <property name="sun.boot.library.path" value="/opt/homebrew/Cellar/openjdk/17.0.2/libexec/openjdk.jdk/Contents/Home/lib"/>
    <property name="sun.java.command" value="/Users/jo/Desktop/webRTC/chat-service/target/surefire/surefirebooter2159978440507458809.jar /Users/jo/Desktop/webRTC/chat-service/target/surefire 2022-06-18T12-34-11_100-jvmRun1 surefire3146054184299547865tmp surefire_013900741099374431485tmp"/>
    <property name="http.nonProxyHosts" value="local|*.local|169.254/16|*.169.254/16|lx.astxsvc.com|*.lx.astxsvc.com|localhost|*.localhost"/>
    <property name="jdk.debug" value="release"/>
    <property name="surefire.test.class.path" value="/Users/jo/Desktop/webRTC/chat-service/target/test-classes:/Users/jo/Desktop/webRTC/chat-service/target/classes:/Users/jo/.m2/repository/org/springframework/boot/spring-boot-starter-web/2.6.4/spring-boot-starter-web-2.6.4.jar:/Users/jo/.m2/repository/org/springframework/boot/spring-boot-starter/2.6.4/spring-boot-starter-2.6.4.jar:/Users/jo/.m2/repository/org/springframework/boot/spring-boot/2.6.4/spring-boot-2.6.4.jar:/Users/jo/.m2/repository/org/springframework/boot/spring-boot-autoconfigure/2.6.4/spring-boot-autoconfigure-2.6.4.jar:/Users/jo/.m2/repository/org/springframework/boot/spring-boot-starter-logging/2.6.4/spring-boot-starter-logging-2.6.4.jar:/Users/jo/.m2/repository/ch/qos/logback/logback-classic/1.2.10/logback-classic-1.2.10.jar:/Users/jo/.m2/repository/ch/qos/logback/logback-core/1.2.10/logback-core-1.2.10.jar:/Users/jo/.m2/repository/org/apache/logging/log4j/log4j-to-slf4j/2.17.1/log4j-to-slf4j-2.17.1.jar:/Users/jo/.m2/repository/org/apache/logging/log4j/log4j-api/2.17.1/log4j-api-2.17.1.jar:/Users/jo/.m2/repository/org/slf4j/jul-to-slf4j/1.7.36/jul-to-slf4j-1.7.36.jar:/Users/jo/.m2/repository/jakarta/annotation/jakarta.annotation-api/1.3.5/jakarta.annotation-api-1.3.5.jar:/Users/jo/.m2/repository/org/yaml/snakeyaml/1.29/snakeyaml-1.29.jar:/Users/jo/.m2/repository/org/springframework/boot/spring-boot-starter-json/2.6.4/spring-boot-starter-json-2.6.4.jar:/Users/jo/.m2/repository/com/fasterxml/jackson/datatype/jackson-datatype-jdk8/2.13.1/jackson-datatype-jdk8-2.13.1.jar:/Users/jo/.m2/repository/com/fasterxml/jackson/datatype/jackson-datatype-jsr310/2.13.1/jackson-datatype-jsr310-2.13.1.jar:/Users/jo/.m2/repository/com/fasterxml/jackson/module/jackson-module-parameter-names/2.13.1/jackson-module-parameter-names-2.13.1.jar:/Users/jo/.m2/repository/org/springframework/boot/spring-boot-starter-tomcat/2.6.4/spring-boot-starter-tomcat-2.6.4.jar:/Users/jo/.m2/repository/org/apache/tomcat/embed/tomcat-embed-core/9.0.58/tomcat-embed-core-9.0.58.jar:/Users/jo/.m2/repository/org/apache/tomcat/embed/tomcat-embed-el/9.0.58/tomcat-embed-el-9.0.58.jar:/Users/jo/.m2/repository/org/apache/tomcat/embed/tomcat-embed-websocket/9.0.58/tomcat-embed-websocket-9.0.58.jar:/Users/jo/.m2/repository/org/springframework/spring-web/5.3.16/spring-web-5.3.16.jar:/Users/jo/.m2/repository/org/springframework/spring-beans/5.3.16/spring-beans-5.3.16.jar:/Users/jo/.m2/repository/org/springframework/spring-webmvc/5.3.16/spring-webmvc-5.3.16.jar:/Users/jo/.m2/repository/org/springframework/spring-context/5.3.16/spring-context-5.3.16.jar:/Users/jo/.m2/repository/org/springframework/spring-expression/5.3.16/spring-expression-5.3.16.jar:/Users/jo/.m2/repository/junit/junit/4.13.2/junit-4.13.2.jar:/Users/jo/.m2/repository/org/hamcrest/hamcrest-core/2.2/hamcrest-core-2.2.jar:/Users/jo/.m2/repository/com/googlecode/json-simple/json-simple/1.1.1/json-simple-1.1.1.jar:/Users/jo/.m2/repository/io/openvidu/openvidu-java-client/2.21.1/openvidu-java-client-2.21.1.jar:/Users/jo/.m2/repository/org/apache/httpcomponents/httpclient/4.5.13/httpclient-4.5.13.jar:/Users/jo/.m2/repository/org/apache/httpcomponents/httpcore/4.4.15/httpcore-4.4.15.jar:/Users/jo/.m2/repository/commons-codec/commons-codec/1.15/commons-codec-1.15.jar:/Users/jo/.m2/repository/com/google/code/gson/gson/2.8.9/gson-2.8.9.jar:/Users/jo/.m2/repository/org/slf4j/slf4j-api/1.7.36/slf4j-api-1.7.36.jar:/Users/jo/.m2/repository/commons-validator/commons-validator/1.7/commons-validator-1.7.jar:/Users/jo/.m2/repository/commons-beanutils/commons-beanutils/1.9.4/commons-beanutils-1.9.4.jar:/Users/jo/.m2/repository/commons-digester/commons-digester/2.1/commons-digester-2.1.jar:/Users/jo/.m2/repository/commons-logging/commons-logging/1.2/commons-logging-1.2.jar:/Users/jo/.m2/repository/commons-collections/commons-collections/3.2.2/commons-collections-3.2.2.jar:/Users/jo/.m2/repository/org/projectlombok/lombok/1.18.22/lombok-1.18.22.jar:/Users/jo/.m2/repository/org/springframework/boot/spring-boot-starter-test/2.6.4/spring-boot-starter-test-2.6.4.jar:/Users/jo/.m2/repository/org/springframework/boot/spring-boot-test/2.6.4/spring-boot-test-2.6.4.jar:/Users/jo/.m2/repository/org/springframework/boot/spring-boot-test-autoconfigure/2.6.4/spring-boot-test-autoconfigure-2.6.4.jar:/Users/jo/.m2/repository/com/jayway/jsonpath/json-path/2.6.0/json-path-2.6.0.jar:/Users/jo/.m2/repository/net/minidev/json-smart/2.4.8/json-smart-2.4.8.jar:/Users/jo/.m2/repository/net/minidev/accessors-smart/2.4.8/accessors-smart-2.4.8.jar:/Users/jo/.m2/repository/org/ow2/asm/asm/9.1/asm-9.1.jar:/Users/jo/.m2/repository/jakarta/xml/bind/jakarta.xml.bind-api/2.3.3/jakarta.xml.bind-api-2.3.3.jar:/Users/jo/.m2/repository/jakarta/activation/jakarta.activation-api/1.2.2/jakarta.activation-api-1.2.2.jar:/Users/jo/.m2/repository/org/assertj/assertj-core/3.21.0/assertj-core-3.21.0.jar:/Users/jo/.m2/repository/org/hamcrest/hamcrest/2.2/hamcrest-2.2.jar:/Users/jo/.m2/repository/org/junit/jupiter/junit-jupiter/5.8.2/junit-jupiter-5.8.2.jar:/Users/jo/.m2/repository/org/junit/jupiter/junit-jupiter-api/5.8.2/junit-jupiter-api-5.8.2.jar:/Users/jo/.m2/repository/org/opentest4j/opentest4j/1.2.0/opentest4j-1.2.0.jar:/Users/jo/.m2/repository/org/junit/platform/junit-platform-commons/1.8.2/junit-platform-commons-1.8.2.jar:/Users/jo/.m2/repository/org/apiguardian/apiguardian-api/1.1.2/apiguardian-api-1.1.2.jar:/Users/jo/.m2/repository/org/junit/jupiter/junit-jupiter-params/5.8.2/junit-jupiter-params-5.8.2.jar:/Users/jo/.m2/repository/org/junit/jupiter/junit-jupiter-engine/5.8.2/junit-jupiter-engine-5.8.2.jar:/Users/jo/.m2/repository/org/junit/platform/junit-platform-engine/1.8.2/junit-platform-engine-1.8.2.jar:/Users/jo/.m2/repository/org/mockito/mockito-core/4.0.0/mockito-core-4.0.0.jar:/Users/jo/.m2/repository/net/bytebuddy/byte-buddy/1.11.22/byte-buddy-1.11.22.jar:/Users/jo/.m2/repository/net/bytebuddy/byte-buddy-agent/1.11.22/byte-buddy-agent-1.11.22.jar:/Users/jo/.m2/repository/org/objenesis/objenesis/3.2/objenesis-3.2.jar:/Users/jo/.m2/repository/org/mockito/mockito-junit-jupiter/4.0.0/mockito-junit-jupiter-4.0.0.jar:/Users/jo/.m2/repository/org/skyscreamer/jsonassert/1.5.0/jsonassert-1.5.0.jar:/Users/jo/.m2/repository/com/vaadin/external/google/android-json/0.0.20131108.vaadin1/android-json-0.0.20131108.vaadin1.jar:/Users/jo/.m2/repository/org/springframework/spring-core/5.3.16/spring-core-5.3.16.jar:/Users/jo/.m2/repository/org/springframework/spring-jcl/5.3.16/spring-jcl-5.3.16.jar:/Users/jo/.m2/repository/org/springframework/spring-test/5.3.16/spring-test-5.3.16.jar:/Users/jo/.m2/repository/org/xmlunit/xmlunit-core/2.8.4/xmlunit-core-2.8.4.jar:/Users/jo/.m2/repository/org/springframework/boot/spring-boot-starter-websocket/2.6.4/spring-boot-starter-websocket-2.6.4.jar:/Users/jo/.m2/repository/org/springframework/spring-messaging/5.3.16/spring-messaging-5.3.16.jar:/Users/jo/.m2/repository/org/springframework/spring-websocket/5.3.16/spring-websocket-5.3.16.jar:/Users/jo/.m2/repository/org/springframework/boot/spring-boot-starter-data-jpa/2.6.4/spring-boot-starter-data-jpa-2.6.4.jar:/Users/jo/.m2/repository/org/springframework/boot/spring-boot-starter-aop/2.6.4/spring-boot-starter-aop-2.6.4.jar:/Users/jo/.m2/repository/org/aspectj/aspectjweaver/1.9.7/aspectjweaver-1.9.7.jar:/Users/jo/.m2/repository/org/springframework/boot/spring-boot-starter-jdbc/2.6.4/spring-boot-starter-jdbc-2.6.4.jar:/Users/jo/.m2/repository/com/zaxxer/HikariCP/4.0.3/HikariCP-4.0.3.jar:/Users/jo/.m2/repository/org/springframework/spring-jdbc/5.3.16/spring-jdbc-5.3.16.jar:/Users/jo/.m2/repository/jakarta/transaction/jakarta.transaction-api/1.3.3/jakarta.transaction-api-1.3.3.jar:/Users/jo/.m2/repository/jakarta/persistence/jakarta.persistence-api/2.2.3/jakarta.persistence-api-2.2.3.jar:/Users/jo/.m2/repository/org/hibernate/hibernate-core/5.6.5.Final/hibernate-core-5.6.5.Final.jar:/Users/jo/.m2/repository/org/jboss/logging/jboss-logging/3.4.3.Final/jboss-logging-3.4.3.Final.jar:/Users/jo/.m2/repository/antlr/antlr/2.7.7/antlr-2.7.7.jar:/Users/jo/.m2/repository/org/jboss/jandex/2.4.2.Final/jandex-2.4.2.Final.jar:/Users/jo/.m2/repository/org/hibernate/common/hibernate-commons-annotations/5.1.2.Final/hibernate-commons-annotations-5.1.2.Final.jar:/Users/jo/.m2/repository/org/glassfish/jaxb/jaxb-runtime/2.3.6/jaxb-runtime-2.3.6.jar:/Users/jo/.m2/repository/org/glassfish/jaxb/txw2/2.3.6/txw2-2.3.6.jar:/Users/jo/.m2/repository/com/sun/istack/istack-commons-runtime/3.0.12/istack-commons-runtime-3.0.12.jar:/Users/jo/.m2/repository/com/sun/activation/jakarta.activation/1.2.2/jakarta.activation-1.2.2.jar:/Users/jo/.m2/repository/org/springframework/data/spring-data-jpa/2.6.2/spring-data-jpa-2.6.2.jar:/Users/jo/.m2/repository/org/springframework/data/spring-data-commons/2.6.2/spring-data-commons-2.6.2.jar:/Users/jo/.m2/repository/org/springframework/spring-orm/5.3.16/spring-orm-5.3.16.jar:/Users/jo/.m2/repository/org/springframework/spring-tx/5.3.16/spring-tx-5.3.16.jar:/Users/jo/.m2/repository/org/springframework/spring-aspects/5.3.16/spring-aspects-5.3.16.jar:/Users/jo/.m2/repository/mysql/mysql-connector-java/8.0.28/mysql-connector-java-8.0.28.jar:/Users/jo/.m2/repository/org/webjars/sockjs-client/1.1.2/sockjs-client-1.1.2.jar:/Users/jo/.m2/repository/org/webjars/stomp-websocket/2.3.3-1/stomp-websocket-2.3.3-1.jar:/Users/jo/.m2/repository/org/springframework/boot/spring-boot-starter-data-redis/2.6.4/spring-boot-starter-data-redis-2.6.4.jar:/Users/jo/.m2/repository/org/springframework/data/spring-data-redis/2.6.2/spring-data-redis-2.6.2.jar:/Users/jo/.m2/repository/org/springframework/data/spring-data-keyvalue/2.6.2/spring-data-keyvalue-2.6.2.jar:/Users/jo/.m2/repository/org/springframework/spring-oxm/5.3.16/spring-oxm-5.3.16.jar:/Users/jo/.m2/repository/org/springframework/spring-context-support/5.3.16/spring-context-support-5.3.16.jar:/Users/jo/.m2/repository/io/lettuce/lettuce-core/6.1.6.RELEASE/lettuce-core-6.1.6.RELEASE.jar:/Users/jo/.m2/repository/io/netty/netty-common/4.1.74.Final/netty-common-4.1.74.Final.jar:/Users/jo/.m2/repository/io/netty/netty-handler/4.1.74.Final/netty-handler-4.1.74.Final.jar:/Users/jo/.m2/repository/io/netty/netty-resolver/4.1.74.Final/netty-resolver-4.1.74.Final.jar:/Users/jo/.m2/repository/io/netty/netty-buffer/4.1.74.Final/netty-buffer-4.1.74.Final.jar:/Users/jo/.m2/repository/io/netty/netty-codec/4.1.74.Final/netty-codec-4.1.74.Final.jar:/Users/jo/.m2/repository/io/netty/netty-tcnative-classes/2.0.48.Final/netty-tcnative-classes-2.0.48.Final.jar:/Users/jo/.m2/repository/io/netty/netty-transport/4.1.74.Final/netty-transport-4.1.74.Final.jar:/Users/jo/.m2/repository/io/projectreactor/reactor-core/3.4.15/reactor-core-3.4.15.jar:/Users/jo/.m2/repository/org/reactivestreams/reactive-streams/1.0.3/reactive-streams-1.0.3.jar:/Users/jo/.m2/repository/it/ozimov/embedded-redis/0.7.2/embedded-redis-0.7.2.jar:/Users/jo/.m2/repository/com/google/guava/guava/21.0/guava-21.0.jar:/Users/jo/.m2/repository/commons-io/commons-io/2.5/commons-io-2.5.jar:/Users/jo/.m2/repository/org/springframework/boot/spring-boot-starter-data-redis-reactive/2.6.4/spring-boot-starter-data-redis-reactive-2.6.4.jar:/Users/jo/.m2/repository/org/springframework/session/spring-session-data-redis/2.6.2/spring-session-data-redis-2.6.2.jar:/Users/jo/.m2/repository/org/springframework/session/spring-session-core/2.6.2/spring-session-core-2.6.2.jar:/Users/jo/.m2/repository/io/springfox/springfox-swagger2/3.0.0/springfox-swagger2-3.0.0.jar:/Users/jo/.m2/repository/io/springfox/springfox-spi/3.0.0/springfox-spi-3.0.0.jar:/Users/jo/.m2/repository/io/springfox/springfox-core/3.0.0/springfox-core-3.0.0.jar:/Users/jo/.m2/repository/io/springfox/springfox-schema/3.0.0/springfox-schema-3.0.0.jar:/Users/jo/.m2/repository/io/springfox/springfox-swagger-common/3.0.0/springfox-swagger-common-3.0.0.jar:/Users/jo/.m2/repository/io/swagger/core/v3/swagger-annotations/2.1.2/swagger-annotations-2.1.2.jar:/Users/jo/.m2/repository/io/springfox/springfox-spring-web/3.0.0/springfox-spring-web-3.0.0.jar:/Users/jo/.m2/repository/io/github/classgraph/classgraph/4.8.83/classgraph-4.8.83.jar:/Users/jo/.m2/repository/io/springfox/springfox-spring-webmvc/3.0.0/springfox-spring-webmvc-3.0.0.jar:/Users/jo/.m2/repository/io/springfox/springfox-spring-webflux/3.0.0/springfox-spring-webflux-3.0.0.jar:/Users/jo/.m2/repository/com/fasterxml/classmate/1.5.1/classmate-1.5.1.jar:/Users/jo/.m2/repository/org/springframework/plugin/spring-plugin-core/2.0.0.RELEASE/spring-plugin-core-2.0.0.RELEASE.jar:/Users/jo/.m2/repository/org/springframework/plugin/spring-plugin-metadata/2.0.0.RELEASE/spring-plugin-metadata-2.0.0.RELEASE.jar:/Users/jo/.m2/repository/io/swagger/swagger-annotations/1.5.20/swagger-annotations-1.5.20.jar:/Users/jo/.m2/repository/io/swagger/swagger-models/1.5.20/swagger-models-1.5.20.jar:/Users/jo/.m2/repository/com/fasterxml/jackson/core/jackson-annotations/2.13.1/jackson-annotations-2.13.1.jar:/Users/jo/.m2/repository/org/mapstruct/mapstruct/1.3.1.Final/mapstruct-1.3.1.Final.jar:/Users/jo/.m2/repository/io/springfox/springfox-swagger-ui/3.0.0/springfox-swagger-ui-3.0.0.jar:/Users/jo/.m2/repository/io/springfox/springfox-boot-starter/3.0.0/springfox-boot-starter-3.0.0.jar:/Users/jo/.m2/repository/io/springfox/springfox-oas/3.0.0/springfox-oas-3.0.0.jar:/Users/jo/.m2/repository/io/swagger/core/v3/swagger-models/2.1.2/swagger-models-2.1.2.jar:/Users/jo/.m2/repository/io/springfox/springfox-data-rest/3.0.0/springfox-data-rest-3.0.0.jar:/Users/jo/.m2/repository/io/springfox/springfox-bean-validators/3.0.0/springfox-bean-validators-3.0.0.jar:/Users/jo/.m2/repository/org/springframework/boot/spring-boot-starter-security/2.6.3/spring-boot-starter-security-2.6.3.jar:/Users/jo/.m2/repository/org/springframework/spring-aop/5.3.16/spring-aop-5.3.16.jar:/Users/jo/.m2/repository/org/springframework/security/spring-security-config/5.6.2/spring-security-config-5.6.2.jar:/Users/jo/.m2/repository/org/springframework/security/spring-security-web/5.6.2/spring-security-web-5.6.2.jar:/Users/jo/.m2/repository/io/jsonwebtoken/jjwt/0.9.1/jjwt-0.9.1.jar:/Users/jo/.m2/repository/com/fasterxml/jackson/core/jackson-databind/2.13.1/jackson-databind-2.13.1.jar:/Users/jo/.m2/repository/com/fasterxml/jackson/core/jackson-core/2.13.1/jackson-core-2.13.1.jar:/Users/jo/.m2/repository/org/springframework/security/spring-security-test/5.6.2/spring-security-test-5.6.2.jar:/Users/jo/.m2/repository/org/springframework/security/spring-security-core/5.6.2/spring-security-core-5.6.2.jar:/Users/jo/.m2/repository/org/springframework/security/spring-security-crypto/5.6.2/spring-security-crypto-5.6.2.jar:"/>
    <property name="sun.cpu.endian" value="little"/>
    <property name="user.home" value="/Users/jo"/>
    <property name="user.language" value="ko"/>
    <property name="java.specification.vendor" value="Oracle Corporation"/>
    <property name="java.version.date" value="2022-01-18"/>
    <property name="java.home" value="/opt/homebrew/Cellar/openjdk/17.0.2/libexec/openjdk.jdk/Contents/Home"/>
    <property name="file.separator" value="/"/>
    <property name="basedir" value="/Users/jo/Desktop/webRTC/chat-service"/>
    <property name="java.vm.compressedOopsMode" value="Zero based"/>
    <property name="line.separator" value="&#10;"/>
    <property name="java.specification.name" value="Java Platform API Specification"/>
    <property name="java.vm.specification.vendor" value="Oracle Corporation"/>
    <property name="surefire.real.class.path" value="/Users/jo/Desktop/webRTC/chat-service/target/surefire/surefirebooter2159978440507458809.jar"/>
    <property name="sun.management.compiler" value="HotSpot 64-Bit Tiered Compilers"/>
    <property name="ftp.nonProxyHosts" value="local|*.local|169.254/16|*.169.254/16|lx.astxsvc.com|*.lx.astxsvc.com|localhost|*.localhost"/>
    <property name="java.runtime.version" value="17.0.2+0"/>
    <property name="user.name" value="jo"/>
    <property name="path.separator" value=":"/>
    <property name="os.version" value="11.1"/>
    <property name="java.runtime.name" value="OpenJDK Runtime Environment"/>
    <property name="file.encoding" value="UTF-8"/>
    <property name="java.vm.name" value="OpenJDK 64-Bit Server VM"/>
    <property name="java.vendor.version" value="Homebrew"/>
    <property name="localRepository" value="/Users/jo/.m2/repository"/>
    <property name="java.vendor.url.bug" value="https://github.com/Homebrew/homebrew-core/issues"/>
    <property name="java.io.tmpdir" value="/var/folders/4r/hzj1m6hn0936qqfvdqgwq7wc0000gn/T/"/>
    <property name="java.version" value="17.0.2"/>
    <property name="user.dir" value="/Users/jo/Desktop/webRTC/chat-service"/>
    <property name="os.arch" value="aarch64"/>
    <property name="java.vm.specification.name" value="Java Virtual Machine Specification"/>
    <property name="native.encoding" value="UTF-8"/>
    <property name="java.library.path" value="/Users/jo/Library/Java/Extensions:/Library/Java/Extensions:/Network/Library/Java/Extensions:/System/Library/Java/Extensions:/usr/lib/java:."/>
    <property name="java.vm.info" value="mixed mode, sharing"/>
    <property name="java.vendor" value="Homebrew"/>
    <property name="java.vm.version" value="17.0.2+0"/>
    <property name="sun.io.unicode.encoding" value="UnicodeBig"/>
    <property name="socksNonProxyHosts" value="local|*.local|169.254/16|*.169.254/16|lx.astxsvc.com|*.lx.astxsvc.com|localhost|*.localhost"/>
    <property name="java.class.version" value="61.0"/>
  </properties>
  <testcase name="LoadAnyChannelsList" classname="webrtc.chatservice.repository.channel.ChannelRepositoryImplTest" time="0.135"/>
  <testcase name="LoadMyChannelsList" classname="webrtc.chatservice.repository.channel.ChannelRepositoryImplTest" time="0.071"/>
  <testcase name="findChannelsByChannelNameSuccess" classname="webrtc.chatservice.repository.channel.ChannelRepositoryImplTest" time="0.009"/>
  <testcase name="createChannel" classname="webrtc.chatservice.repository.channel.ChannelRepositoryImplTest" time="0.012"/>
  <testcase name="findChannelsByUserIdFail" classname="webrtc.chatservice.repository.channel.ChannelRepositoryImplTest" time="0.011"/>
  <testcase name="findChannelsByChannelIdSuccess" classname="webrtc.chatservice.repository.channel.ChannelRepositoryImplTest" time="0.009"/>
  <testcase name="findChannelsByChannelIdFail" classname="webrtc.chatservice.repository.channel.ChannelRepositoryImplTest" time="0.009"/>
  <testcase name="findChannelsByHashNameSuccess" classname="webrtc.chatservice.repository.channel.ChannelRepositoryImplTest" time="0.011"/>
  <testcase name="extensionChannelTTLSuccess" classname="webrtc.chatservice.repository.channel.ChannelRepositoryImplTest" time="0.004"/>
  <testcase name="findChannelsByChannelNameFail" classname="webrtc.chatservice.repository.channel.ChannelRepositoryImplTest" time="0.008"/>
  <testcase name="findChannelsByUserIdSuccess" classname="webrtc.chatservice.repository.channel.ChannelRepositoryImplTest" time="0.012"/>
  <testcase name="findChannelsByHashNameFail" classname="webrtc.chatservice.repository.channel.ChannelRepositoryImplTest" time="0.012"/>
</testsuite>